<?xml version="1.0" encoding="UTF-8" ?>
<testsuite tests="2" failures="0" name="test.testTest" time="0.046" errors="0" skipped="0">
  <properties>
    <property name="idea.version" value="2020.3.2"/>
    <property name="java.runtime.name" value="Java(TM) SE Runtime Environment"/>
    <property name="sun.boot.library.path" value="D:\Java\jdk1.8.0_66\jre\bin"/>
    <property name="java.vm.version" value="25.66-b18"/>
    <property name="java.vm.vendor" value="Oracle Corporation"/>
    <property name="maven.multiModuleProjectDirectory" value="E:\javaworkspace\FundRecommendSystem"/>
    <property name="java.vendor.url" value="http://java.oracle.com/"/>
    <property name="path.separator" value=";"/>
    <property name="guice.disable.misplaced.annotation.check" value="true"/>
    <property name="java.vm.name" value="Java HotSpot(TM) 64-Bit Server VM"/>
    <property name="file.encoding.pkg" value="sun.io"/>
    <property name="user.script" value=""/>
    <property name="user.country" value="CN"/>
    <property name="sun.java.launcher" value="SUN_STANDARD"/>
    <property name="sun.os.patch.level" value=""/>
    <property name="java.vm.specification.name" value="Java Virtual Machine Specification"/>
    <property name="user.dir" value="E:\javaworkspace\FundRecommendSystem"/>
    <property name="java.runtime.version" value="1.8.0_66-b18"/>
    <property name="java.awt.graphicsenv" value="sun.awt.Win32GraphicsEnvironment"/>
    <property name="java.endorsed.dirs" value="D:\Java\jdk1.8.0_66\jre\lib\endorsed"/>
    <property name="os.arch" value="amd64"/>
    <property name="java.io.tmpdir" value="C:\Users\ADMINI~1\AppData\Local\Temp\"/>
    <property name="line.separator" value="
"/>
    <property name="java.vm.specification.vendor" value="Oracle Corporation"/>
    <property name="user.variant" value=""/>
    <property name="os.name" value="Windows 10"/>
    <property name="maven.ext.class.path" value="E:\GenPath\IntelliJ IDEA 2020.3.2\plugins\maven\lib\maven-event-listener.jar"/>
    <property name="classworlds.conf" value="E:\GenPath\IntelliJ IDEA 2020.3.2\plugins\maven\lib\maven3\bin\m2.conf"/>
    <property name="sun.jnu.encoding" value="GBK"/>
    <property name="java.library.path" value="D:\Java\jdk1.8.0_66\bin;C:\Windows\Sun\Java\bin;C:\Windows\system32;C:\Windows;E:\GenPath\xshell\;C:\Windows\system32;C:\Windows;C:\Windows\System32\Wbem;C:\Windows\System32\WindowsPowerShell\v1.0\;C:\Windows\System32\OpenSSH\;C:\Program Files\Lenovo\Bluetooth Software\;C:\Program Files\Lenovo\Bluetooth Software\syswow64;E:\GenPath\nodejs;D:\Blog\blog\node_modules\.bin;E:\GenPath\Git\bin;D:\Java\jdk1.8.0_66\bin;D:\Java\jdk1.8.0_66\jre1.8.0_66\bin;D:\Androidstudio\sdk\platform-tools;D:\Androidstudio\sdk\tools;C:\mysql-5.6.47-winx64\bin;E:\GenPath\apache-maven-3.6.3\bin;E:\GenPath\python3.7;E:\GenPath\python3.7\Scripts;C:\Program Files\PuTTY\;E:\GenPath\Git\bin\sh.exe;C:\Go\bin;D:\go_workspace;C:\Program Files\Redis\;E:\Graphviz 2.44.1\bin;D:\go_workspace\bin;E:\TDM-GCC-64\bin;C:\Program Files\dotnet\;C:\Program Files (x86)\dotnet\;C:\sfm\go-ipfs\go-ipfs;C:\Users\Administrator\.dotnet\tools;E:\GenPath\Microsoft VS Code\bin;C:\Users\Administrator\AppData\Local\atom\bin;F:\Fiddler;."/>
    <property name="maven.conf" value="E:\GenPath\IntelliJ IDEA 2020.3.2\plugins\maven\lib\maven3/conf"/>
    <property name="java.specification.name" value="Java Platform API Specification"/>
    <property name="java.class.version" value="52.0"/>
    <property name="sun.management.compiler" value="HotSpot 64-Bit Tiered Compilers"/>
    <property name="os.version" value="10.0"/>
    <property name="user.home" value="C:\Users\Administrator"/>
    <property name="user.timezone" value="Asia/Shanghai"/>
    <property name="java.awt.printerjob" value="sun.awt.windows.WPrinterJob"/>
    <property name="java.specification.version" value="1.8"/>
    <property name="file.encoding" value="UTF-8"/>
    <property name="user.name" value="Administrator"/>
    <property name="java.class.path" value="E:\GenPath\IntelliJ IDEA 2020.3.2\plugins\maven\lib\maven3\boot\plexus-classworlds-2.6.0.jar;E:\GenPath\IntelliJ IDEA 2020.3.2\plugins\maven\lib\maven3\boot\plexus-classworlds.license;E:\GenPath\IntelliJ IDEA 2020.3.2\lib\idea_rt.jar"/>
    <property name="java.vm.specification.version" value="1.8"/>
    <property name="sun.arch.data.model" value="64"/>
    <property name="java.home" value="D:\Java\jdk1.8.0_66\jre"/>
    <property name="sun.java.command" value="org.codehaus.classworlds.Launcher -Didea.version=2020.3.2 package"/>
    <property name="java.specification.vendor" value="Oracle Corporation"/>
    <property name="user.language" value="zh"/>
    <property name="awt.toolkit" value="sun.awt.windows.WToolkit"/>
    <property name="java.vm.info" value="mixed mode"/>
    <property name="java.version" value="1.8.0_66"/>
    <property name="java.ext.dirs" value="D:\Java\jdk1.8.0_66\jre\lib\ext;C:\Windows\Sun\Java\lib\ext"/>
    <property name="sun.boot.class.path" value="D:\Java\jdk1.8.0_66\jre\lib\resources.jar;D:\Java\jdk1.8.0_66\jre\lib\rt.jar;D:\Java\jdk1.8.0_66\jre\lib\sunrsasign.jar;D:\Java\jdk1.8.0_66\jre\lib\jsse.jar;D:\Java\jdk1.8.0_66\jre\lib\jce.jar;D:\Java\jdk1.8.0_66\jre\lib\charsets.jar;D:\Java\jdk1.8.0_66\jre\lib\jfr.jar;D:\Java\jdk1.8.0_66\jre\classes"/>
    <property name="java.vendor" value="Oracle Corporation"/>
    <property name="maven.home" value="E:\GenPath\IntelliJ IDEA 2020.3.2\plugins\maven\lib\maven3"/>
    <property name="file.separator" value="\"/>
    <property name="java.vendor.url.bug" value="http://bugreport.sun.com/bugreport/"/>
    <property name="sun.cpu.endian" value="little"/>
    <property name="sun.io.unicode.encoding" value="UnicodeLittle"/>
    <property name="sun.desktop" value="windows"/>
    <property name="sun.cpu.isalist" value="amd64"/>
  </properties>
  <testcase classname="test.testTest" name="testTest1" time="0.046"/>
  <testcase classname="test.testTest" name="testTest2" time="0"/>
</testsuite>